# JRE version: Java(TM) SE Runtime Environment (8.0_05-b13) (build 1.8.0_05-b13)
# Java VM: Java HotSpot(TM) 64-Bit Server VM (25.5-b02 mixed mode bsd-amd64 compressed oops)
Heap:
 PSYoungGen      total 11776K, used 4721K [0x0000000795580000, 0x0000000796200000, 0x00000007c0000000)
  eden space 10752K, 35% used [0x0000000795580000,0x000000079593c788,0x0000000796000000)
  from space 1024K, 87% used [0x0000000796100000,0x00000007961e0000,0x0000000796200000)
  to   space 1024K, 0% used [0x0000000796000000,0x0000000796000000,0x0000000796100000)
 ParOldGen       total 983552K, used 977681K [0x0000000740000000, 0x000000077c080000, 0x0000000795580000)
  object space 983552K, 99% used [0x0000000740000000,0x000000077bac4788,0x000000077c080000)
 Metaspace       used 42525K, capacity 55443K, committed 63656K, reserved 1095680K
  class space    used 10169K, capacity 14584K, committed 17576K, reserved 1048576K
GC Heap History (10 events):
Event: 2823088.209 GC heap before
{Heap before GC invocations=2193 (full 25):
 PSYoungGen      total 11776K, used 11648K [0x0000000795580000, 0x0000000796200000, 0x00000007c0000000)
  eden space 10752K, 100% used [0x0000000795580000,0x0000000796000000,0x0000000796000000)
  from space 1024K, 87% used [0x0000000796000000,0x00000007960e0000,0x0000000796100000)
  to   space 1024K, 0% used [0x0000000796100000,0x0000000796100000,0x0000000796200000)
 ParOldGen       total 983552K, used 976801K [0x0000000740000000, 0x000000077c080000, 0x0000000795580000)
  object space 983552K, 99% used [0x0000000740000000,0x000000077b9e8788,0x000000077c080000)
 Metaspace       used 42525K, capacity 55443K, committed 63656K, reserved 1095680K
  class space    used 10169K, capacity 14584K, committed 17576K, reserved 1048576K
Event: 2823088.218 GC heap after
Heap after GC invocations=2193 (full 25):
 PSYoungGen      total 11776K, used 896K [0x0000000795580000, 0x0000000796200000, 0x00000007c0000000)
  eden space 10752K, 0% used [0x0000000795580000,0x0000000795580000,0x0000000796000000)
  from space 1024K, 87% used [0x0000000796100000,0x00000007961e0000,0x0000000796200000)
  to   space 1024K, 0% used [0x0000000796000000,0x0000000796000000,0x0000000796100000)
 ParOldGen       total 983552K, used 976977K [0x0000000740000000, 0x000000077c080000, 0x0000000795580000)
  object space 983552K, 99% used [0x0000000740000000,0x000000077ba14788,0x000000077c080000)
 Metaspace       used 42525K, capacity 55443K, committed 63656K, reserved 1095680K
  class space    used 10169K, capacity 14584K, committed 17576K, reserved 1048576K
}
Event: 2823098.717 GC heap before
{Heap before GC invocations=2194 (full 25):
 PSYoungGen      total 11776K, used 11648K [0x0000000795580000, 0x0000000796200000, 0x00000007c0000000)
  eden space 10752K, 100% used [0x0000000795580000,0x0000000796000000,0x0000000796000000)
  from space 1024K, 87% used [0x0000000796100000,0x00000007961e0000,0x0000000796200000)
  to   space 1024K, 0% used [0x0000000796000000,0x0000000796000000,0x0000000796100000)
 ParOldGen       total 983552K, used 976977K [0x0000000740000000, 0x000000077c080000, 0x0000000795580000)
  object space 983552K, 99% used [0x0000000740000000,0x000000077ba14788,0x000000077c080000)
 Metaspace       used 42525K, capacity 55443K, committed 63656K, reserved 1095680K
  class space    used 10169K, capacity 14584K, committed 17576K, reserved 1048576K
Event: 2823098.726 GC heap after
Heap after GC invocations=2194 (full 25):
 PSYoungGen      total 11776K, used 896K [0x0000000795580000, 0x0000000796200000, 0x00000007c0000000)
  eden space 10752K, 0% used [0x0000000795580000,0x0000000795580000,0x0000000796000000)
  from space 1024K, 87% used [0x0000000796000000,0x00000007960e0000,0x0000000796100000)
  to   space 1024K, 0% used [0x0000000796100000,0x0000000796100000,0x0000000796200000)
 ParOldGen       total 983552K, used 977153K [0x0000000740000000, 0x000000077c080000, 0x0000000795580000)
  object space 983552K, 99% used [0x0000000740000000,0x000000077ba40788,0x000000077c080000)
 Metaspace       used 42525K, capacity 55443K, committed 63656K, reserved 1095680K
  class space    used 10169K, capacity 14584K, committed 17576K, reserved 1048576K
}
Event: 2823109.263 GC heap before
{Heap before GC invocations=2195 (full 25):
 PSYoungGen      total 11776K, used 11648K [0x0000000795580000, 0x0000000796200000, 0x00000007c0000000)
  eden space 10752K, 100% used [0x0000000795580000,0x0000000796000000,0x0000000796000000)
  from space 1024K, 87% used [0x0000000796000000,0x00000007960e0000,0x0000000796100000)
  to   space 1024K, 0% used [0x0000000796100000,0x0000000796100000,0x0000000796200000)
 ParOldGen       total 983552K, used 977153K [0x0000000740000000, 0x000000077c080000, 0x0000000795580000)
  object space 983552K, 99% used [0x0000000740000000,0x000000077ba40788,0x000000077c080000)
 Metaspace       used 42525K, capacity 55443K, committed 63656K, reserved 1095680K
  class space    used 10169K, capacity 14584K, committed 17576K, reserved 1048576K
Event: 2823109.273 GC heap after
Heap after GC invocations=2195 (full 25):
 PSYoungGen      total 11776K, used 896K [0x0000000795580000, 0x0000000796200000, 0x00000007c0000000)
  eden space 10752K, 0% used [0x0000000795580000,0x0000000795580000,0x0000000796000000)
  from space 1024K, 87% used [0x0000000796100000,0x00000007961e0000,0x0000000796200000)
  to   space 1024K, 0% used [0x0000000796000000,0x0000000796000000,0x0000000796100000)
 ParOldGen       total 983552K, used 977329K [0x0000000740000000, 0x000000077c080000, 0x0000000795580000)
  object space 983552K, 99% used [0x0000000740000000,0x000000077ba6c788,0x000000077c080000)
 Metaspace       used 42525K, capacity 55443K, committed 63656K, reserved 1095680K
  class space    used 10169K, capacity 14584K, committed 17576K, reserved 1048576K
}
Event: 2823119.761 GC heap before
{Heap before GC invocations=2196 (full 25):
 PSYoungGen      total 11776K, used 11648K [0x0000000795580000, 0x0000000796200000, 0x00000007c0000000)
  eden space 10752K, 100% used [0x0000000795580000,0x0000000796000000,0x0000000796000000)
  from space 1024K, 87% used [0x0000000796100000,0x00000007961e0000,0x0000000796200000)
  to   space 1024K, 0% used [0x0000000796000000,0x0000000796000000,0x0000000796100000)
 ParOldGen       total 983552K, used 977329K [0x0000000740000000, 0x000000077c080000, 0x0000000795580000)
  object space 983552K, 99% used [0x0000000740000000,0x000000077ba6c788,0x000000077c080000)
 Metaspace       used 42525K, capacity 55443K, committed 63656K, reserved 1095680K
  class space    used 10169K, capacity 14584K, committed 17576K, reserved 1048576K
Event: 2823119.768 GC heap after
Heap after GC invocations=2196 (full 25):
 PSYoungGen      total 11776K, used 896K [0x0000000795580000, 0x0000000796200000, 0x00000007c0000000)
  eden space 10752K, 0% used [0x0000000795580000,0x0000000795580000,0x0000000796000000)
  from space 1024K, 87% used [0x0000000796000000,0x00000007960e0000,0x0000000796100000)
  to   space 1024K, 0% used [0x0000000796100000,0x0000000796100000,0x0000000796200000)
 ParOldGen       total 983552K, used 977505K [0x0000000740000000, 0x000000077c080000, 0x0000000795580000)
  object space 983552K, 99% used [0x0000000740000000,0x000000077ba98788,0x000000077c080000)
 Metaspace       used 42525K, capacity 55443K, committed 63656K, reserved 1095680K
  class space    used 10169K, capacity 14584K, committed 17576K, reserved 1048576K
}
Event: 2823130.233 GC heap before
{Heap before GC invocations=2197 (full 25):
 PSYoungGen      total 11776K, used 11648K [0x0000000795580000, 0x0000000796200000, 0x00000007c0000000)
  eden space 10752K, 100% used [0x0000000795580000,0x0000000796000000,0x0000000796000000)
  from space 1024K, 87% used [0x0000000796000000,0x00000007960e0000,0x0000000796100000)
  to   space 1024K, 0% used [0x0000000796100000,0x0000000796100000,0x0000000796200000)
 ParOldGen       total 983552K, used 977505K [0x0000000740000000, 0x000000077c080000, 0x0000000795580000)
  object space 983552K, 99% used [0x0000000740000000,0x000000077ba98788,0x000000077c080000)
 Metaspace       used 42525K, capacity 55443K, committed 63656K, reserved 1095680K
  class space    used 10169K, capacity 14584K, committed 17576K, reserved 1048576K
Event: 2823130.241 GC heap after
Heap after GC invocations=2197 (full 25):
 PSYoungGen      total 11776K, used 896K [0x0000000795580000, 0x0000000796200000, 0x00000007c0000000)
  eden space 10752K, 0% used [0x0000000795580000,0x0000000795580000,0x0000000796000000)
  from space 1024K, 87% used [0x0000000796100000,0x00000007961e0000,0x0000000796200000)
  to   space 1024K, 0% used [0x0000000796000000,0x0000000796000000,0x0000000796100000)
 ParOldGen       total 983552K, used 977681K [0x0000000740000000, 0x000000077c080000, 0x0000000795580000)
  object space 983552K, 99% used [0x0000000740000000,0x000000077bac4788,0x000000077c080000)
 Metaspace       used 42525K, capacity 55443K, committed 63656K, reserved 1095680K
  class space    used 10169K, capacity 14584K, committed 17576K, reserved 1048576K
}

