# JRE version: Java(TM) SE Runtime Environment (8.0_05-b13) (build 1.8.0_05-b13)
# Java VM: Java HotSpot(TM) 64-Bit Server VM (25.5-b02 mixed mode bsd-amd64 compressed oops)
Heap:
 PSYoungGen      total 252416K, used 165768K [0x0000000795580000, 0x00000007aba00000, 0x00000007c0000000)
  eden space 221184K, 60% used [0x0000000795580000,0x000000079d922368,0x00000007a2d80000)
  from space 31232K, 99% used [0x00000007a2d80000,0x00000007a4bc0000,0x00000007a4c00000)
  to   space 71680K, 0% used [0x00000007a7400000,0x00000007a7400000,0x00000007aba00000)
 ParOldGen       total 141824K, used 121415K [0x0000000740000000, 0x0000000748a80000, 0x0000000795580000)
  object space 141824K, 85% used [0x0000000740000000,0x0000000747691df8,0x0000000748a80000)
 Metaspace       used 42429K, capacity 55263K, committed 63616K, reserved 1095680K
  class space    used 10149K, capacity 14557K, committed 17536K, reserved 1048576K
GC Heap History (10 events):
Event: 1610832.144 GC heap before
{Heap before GC invocations=70 (full 6):
 PSYoungGen      total 260096K, used 259680K [0x0000000795580000, 0x00000007acb00000, 0x00000007c0000000)
  eden space 220160K, 100% used [0x0000000795580000,0x00000007a2c80000,0x00000007a2c80000)
  from space 39936K, 98% used [0x00000007a2c80000,0x00000007a5318000,0x00000007a5380000)
  to   space 80896K, 0% used [0x00000007a7c00000,0x00000007a7c00000,0x00000007acb00000)
 ParOldGen       total 118784K, used 102803K [0x0000000740000000, 0x0000000747400000, 0x0000000795580000)
  object space 118784K, 86% used [0x0000000740000000,0x0000000746464e28,0x0000000747400000)
 Metaspace       used 42429K, capacity 55263K, committed 63616K, reserved 1095680K
  class space    used 10149K, capacity 14557K, committed 17536K, reserved 1048576K
Event: 1610832.198 GC heap after
Heap after GC invocations=70 (full 6):
 PSYoungGen      total 295424K, used 40101K [0x0000000795580000, 0x00000007ac500000, 0x00000007c0000000)
  eden space 220672K, 0% used [0x0000000795580000,0x0000000795580000,0x00000007a2d00000)
  from space 74752K, 53% used [0x00000007a7c00000,0x00000007aa329500,0x00000007ac500000)
  to   space 77824K, 0% used [0x00000007a2d00000,0x00000007a2d00000,0x00000007a7900000)
 ParOldGen       total 118784K, used 105555K [0x0000000740000000, 0x0000000747400000, 0x0000000795580000)
  object space 118784K, 88% used [0x0000000740000000,0x0000000746714e28,0x0000000747400000)
 Metaspace       used 42429K, capacity 55263K, committed 63616K, reserved 1095680K
  class space    used 10149K, capacity 14557K, committed 17536K, reserved 1048576K
}
Event: 1615830.722 GC heap before
{Heap before GC invocations=71 (full 6):
 PSYoungGen      total 295424K, used 260773K [0x0000000795580000, 0x00000007ac500000, 0x00000007c0000000)
  eden space 220672K, 100% used [0x0000000795580000,0x00000007a2d00000,0x00000007a2d00000)
  from space 74752K, 53% used [0x00000007a7c00000,0x00000007aa329500,0x00000007ac500000)
  to   space 77824K, 0% used [0x00000007a2d00000,0x00000007a2d00000,0x00000007a7900000)
 ParOldGen       total 118784K, used 105555K [0x0000000740000000, 0x0000000747400000, 0x0000000795580000)
  object space 118784K, 88% used [0x0000000740000000,0x0000000746714e28,0x0000000747400000)
 Metaspace       used 42429K, capacity 55263K, committed 63616K, reserved 1095680K
  class space    used 10149K, capacity 14557K, committed 17536K, reserved 1048576K
Event: 1615830.771 GC heap after
Heap after GC invocations=71 (full 6):
 PSYoungGen      total 260608K, used 39653K [0x0000000795580000, 0x00000007ac080000, 0x00000007c0000000)
  eden space 220672K, 0% used [0x0000000795580000,0x0000000795580000,0x00000007a2d00000)
  from space 39936K, 99% used [0x00000007a2d00000,0x00000007a53b9500,0x00000007a5400000)
  to   space 75264K, 0% used [0x00000007a7700000,0x00000007a7700000,0x00000007ac080000)
 ParOldGen       total 118784K, used 108563K [0x0000000740000000, 0x0000000747400000, 0x0000000795580000)
  object space 118784K, 91% used [0x0000000740000000,0x0000000746a04e28,0x0000000747400000)
 Metaspace       used 42429K, capacity 55263K, committed 63616K, reserved 1095680K
  class space    used 10149K, capacity 14557K, committed 17536K, reserved 1048576K
}
Event: 1616944.861 GC heap before
{Heap before GC invocations=72 (full 6):
 PSYoungGen      total 260608K, used 260325K [0x0000000795580000, 0x00000007ac080000, 0x00000007c0000000)
  eden space 220672K, 100% used [0x0000000795580000,0x00000007a2d00000,0x00000007a2d00000)
  from space 39936K, 99% used [0x00000007a2d00000,0x00000007a53b9500,0x00000007a5400000)
  to   space 75264K, 0% used [0x00000007a7700000,0x00000007a7700000,0x00000007ac080000)
 ParOldGen       total 118784K, used 108563K [0x0000000740000000, 0x0000000747400000, 0x0000000795580000)
  object space 118784K, 91% used [0x0000000740000000,0x0000000746a04e28,0x0000000747400000)
 Metaspace       used 42429K, capacity 55263K, committed 63616K, reserved 1095680K
  class space    used 10149K, capacity 14557K, committed 17536K, reserved 1048576K
Event: 1616944.924 GC heap after
Heap after GC invocations=72 (full 6):
 PSYoungGen      total 291328K, used 39493K [0x0000000795580000, 0x00000007abb80000, 0x00000007c0000000)
  eden space 221184K, 0% used [0x0000000795580000,0x0000000795580000,0x00000007a2d80000)
  from space 70144K, 56% used [0x00000007a7700000,0x00000007a9d91500,0x00000007abb80000)
  to   space 72704K, 0% used [0x00000007a2d80000,0x00000007a2d80000,0x00000007a7480000)
 ParOldGen       total 118784K, used 111547K [0x0000000740000000, 0x0000000747400000, 0x0000000795580000)
  object space 118784K, 93% used [0x0000000740000000,0x0000000746ceee28,0x0000000747400000)
 Metaspace       used 42429K, capacity 55263K, committed 63616K, reserved 1095680K
  class space    used 10149K, capacity 14557K, committed 17536K, reserved 1048576K
}
Event: 1616944.924 GC heap before
{Heap before GC invocations=73 (full 7):
 PSYoungGen      total 291328K, used 39493K [0x0000000795580000, 0x00000007abb80000, 0x00000007c0000000)
  eden space 221184K, 0% used [0x0000000795580000,0x0000000795580000,0x00000007a2d80000)
  from space 70144K, 56% used [0x00000007a7700000,0x00000007a9d91500,0x00000007abb80000)
  to   space 72704K, 0% used [0x00000007a2d80000,0x00000007a2d80000,0x00000007a7480000)
 ParOldGen       total 118784K, used 111547K [0x0000000740000000, 0x0000000747400000, 0x0000000795580000)
  object space 118784K, 93% used [0x0000000740000000,0x0000000746ceee28,0x0000000747400000)
 Metaspace       used 42429K, capacity 55263K, committed 63616K, reserved 1095680K
  class space    used 10149K, capacity 14557K, committed 17536K, reserved 1048576K
Event: 1616945.766 GC heap after
Heap after GC invocations=73 (full 7):
 PSYoungGen      total 291328K, used 31052K [0x0000000795580000, 0x00000007abb80000, 0x00000007c0000000)
  eden space 221184K, 0% used [0x0000000795580000,0x0000000795580000,0x00000007a2d80000)
  from space 70144K, 44% used [0x00000007a7700000,0x00000007a95532e8,0x00000007abb80000)
  to   space 72704K, 0% used [0x00000007a2d80000,0x00000007a2d80000,0x00000007a7480000)
 ParOldGen       total 141824K, used 118647K [0x0000000740000000, 0x0000000748a80000, 0x0000000795580000)
  object space 141824K, 83% used [0x0000000740000000,0x00000007473dddf8,0x0000000748a80000)
 Metaspace       used 42429K, capacity 55263K, committed 63616K, reserved 1095680K
  class space    used 10149K, capacity 14557K, committed 17536K, reserved 1048576K
}
Event: 1617904.133 GC heap before
{Heap before GC invocations=74 (full 7):
 PSYoungGen      total 291328K, used 252236K [0x0000000795580000, 0x00000007abb80000, 0x00000007c0000000)
  eden space 221184K, 100% used [0x0000000795580000,0x00000007a2d80000,0x00000007a2d80000)
  from space 70144K, 44% used [0x00000007a7700000,0x00000007a95532e8,0x00000007abb80000)
  to   space 72704K, 0% used [0x00000007a2d80000,0x00000007a2d80000,0x00000007a7480000)
 ParOldGen       total 141824K, used 118647K [0x0000000740000000, 0x0000000748a80000, 0x0000000795580000)
  object space 141824K, 83% used [0x0000000740000000,0x00000007473dddf8,0x0000000748a80000)
 Metaspace       used 42429K, capacity 55263K, committed 63616K, reserved 1095680K
  class space    used 10149K, capacity 14557K, committed 17536K, reserved 1048576K
Event: 1617904.209 GC heap after
Heap after GC invocations=74 (full 7):
 PSYoungGen      total 252416K, used 30976K [0x0000000795580000, 0x00000007aba00000, 0x00000007c0000000)
  eden space 221184K, 0% used [0x0000000795580000,0x0000000795580000,0x00000007a2d80000)
  from space 31232K, 99% used [0x00000007a2d80000,0x00000007a4bc0000,0x00000007a4c00000)
  to   space 71680K, 0% used [0x00000007a7400000,0x00000007a7400000,0x00000007aba00000)
 ParOldGen       total 141824K, used 121415K [0x0000000740000000, 0x0000000748a80000, 0x0000000795580000)
  object space 141824K, 85% used [0x0000000740000000,0x0000000747691df8,0x0000000748a80000)
 Metaspace       used 42429K, capacity 55263K, committed 63616K, reserved 1095680K
  class space    used 10149K, capacity 14557K, committed 17536K, reserved 1048576K
}

